  blocksort.c
  bzlib.c
D:\Workspaces\BsDllProject\BsDllProject\bzlib.c(996,40): warning C4267: “=”: 从“size_t”转换到“Int32”，可能丢失数据
D:\Workspaces\BsDllProject\BsDllProject\bzlib.c(1055,43): warning C4267: “=”: 从“size_t”转换到“Int32”，可能丢失数据
D:\Workspaces\BsDllProject\BsDllProject\bzlib.c(1190,50): warning C4267: “=”: 从“size_t”转换到“Int32”，可能丢失数据
D:\Workspaces\BsDllProject\BsDllProject\bzlib.c(1422,9): warning C4996: 'setmode': The POSIX name for this item is deprecated. Instead, use the ISO C and C++ conformant name: _setmode. See online help for details.
D:\Workspaces\BsDllProject\BsDllProject\bzlib.c(1430,12): warning C4996: 'fdopen': The POSIX name for this item is deprecated. Instead, use the ISO C and C++ conformant name: _fdopen. See online help for details.
  compress.c
D:\Workspaces\BsDllProject\BsDllProject\compress.c(205,33): warning C4244: “=”: 从“__int64”转换到“Int32”，可能丢失数据
  crctable.c
  decompress.c
  huffman.c
  randtable.c
  正在生成代码...
  bsdiff.cpp
D:\Workspaces\BsDllProject\BsDllProject\bsdiff.cpp(229,13): warning C4996: 'lseek': The POSIX name for this item is deprecated. Instead, use the ISO C and C++ conformant name: _lseek. See online help for details.
D:\Workspaces\BsDllProject\BsDllProject\bsdiff.cpp(234,19): warning C4996: 'read': The POSIX name for this item is deprecated. Instead, use the ISO C and C++ conformant name: _read. See online help for details.
D:\Workspaces\BsDllProject\BsDllProject\bsdiff.cpp(235,13): warning C4996: 'close': The POSIX name for this item is deprecated. Instead, use the ISO C and C++ conformant name: _close. See online help for details.
D:\Workspaces\BsDllProject\BsDllProject\bsdiff.cpp(256,10): warning C4996: 'open': The POSIX name for this item is deprecated. Instead, use the ISO C and C++ conformant name: _open. See online help for details.
D:\Workspaces\BsDllProject\BsDllProject\bsdiff.cpp(257,13): warning C4996: 'lseek': The POSIX name for this item is deprecated. Instead, use the ISO C and C++ conformant name: _lseek. See online help for details.
D:\Workspaces\BsDllProject\BsDllProject\bsdiff.cpp(259,4): warning C4996: 'lseek': The POSIX name for this item is deprecated. Instead, use the ISO C and C++ conformant name: _lseek. See online help for details.
D:\Workspaces\BsDllProject\BsDllProject\bsdiff.cpp(263,19): warning C4996: 'read': The POSIX name for this item is deprecated. Instead, use the ISO C and C++ conformant name: _read. See online help for details.
D:\Workspaces\BsDllProject\BsDllProject\bsdiff.cpp(264,13): warning C4996: 'close': The POSIX name for this item is deprecated. Instead, use the ISO C and C++ conformant name: _close. See online help for details.
    正在创建库 D:\Workspaces\BsDllProject\BsDllProject\x64\Debug\BsDllProject.lib 和对象 D:\Workspaces\BsDllProject\BsDllProject\x64\Debug\BsDllProject.exp
  BsDllProject.vcxproj -> D:\Workspaces\BsDllProject\BsDllProject\x64\Debug\BsDllProject.dll
